<?xml version="1.0" encoding="UTF-8"?>
<!-- Generated by org.testng.reporters.JUnitReportReporter -->
<testsuite hostname="fv-az133-998" failures="0" tests="4" name="Runners.TestRunner" time="4.477" errors="0" timestamp="2022-07-06T05:22:43 UTC" skipped="0">
  <testcase classname="Runners.TestRunner" name="runScenario" time="0.402"/>
  <system-out/>
  <testcase classname="Runners.TestRunner" name="runScenario" time="3.327"/>
  <system-out/>
  <testcase classname="Runners.TestRunner" name="runScenario" time="0.360"/>
  <system-out/>
  <testcase classname="Runners.TestRunner" name="runScenario" time="0.388"/>
  <system-out/>
</testsuite> <!-- Runners.TestRunner -->
