<?xml version="1.0" encoding="UTF-8"?>
<!-- Generated by org.testng.reporters.JUnitReportReporter -->
<testsuite hostname="fv-az121-749" failures="0" tests="4" name="Runners.TestRunner" time="4.298" errors="0" timestamp="2022-07-06T06:53:34 UTC" skipped="0">
  <testcase classname="Runners.TestRunner" name="runScenario" time="0.523"/>
  <system-out/>
  <testcase classname="Runners.TestRunner" name="runScenario" time="2.742"/>
  <system-out/>
  <testcase classname="Runners.TestRunner" name="runScenario" time="0.483"/>
  <system-out/>
  <testcase classname="Runners.TestRunner" name="runScenario" time="0.550"/>
  <system-out/>
</testsuite> <!-- Runners.TestRunner -->
