<?xml version="1.0" encoding="UTF-8"?>
<!-- Generated by org.testng.reporters.JUnitReportReporter -->
<testsuite hostname="fv-az121-695" failures="0" tests="4" name="Runners.TestRunner" time="4.558" errors="0" timestamp="2022-07-06T05:19:28 UTC" skipped="0">
  <testcase classname="Runners.TestRunner" name="runScenario" time="0.532"/>
  <system-out/>
  <testcase classname="Runners.TestRunner" name="runScenario" time="3.002"/>
  <system-out/>
  <testcase classname="Runners.TestRunner" name="runScenario" time="0.501"/>
  <system-out/>
  <testcase classname="Runners.TestRunner" name="runScenario" time="0.523"/>
  <system-out/>
</testsuite> <!-- Runners.TestRunner -->
