<?xml version="1.0" encoding="UTF-8"?>
<!-- Generated by org.testng.reporters.JUnitReportReporter -->
<testsuite hostname="fv-az39-900" failures="0" tests="4" name="Runners.TestRunner" time="3.998" errors="0" timestamp="2022-07-06T05:17:45 UTC" skipped="0">
  <testcase classname="Runners.TestRunner" name="runScenario" time="0.409"/>
  <system-out/>
  <testcase classname="Runners.TestRunner" name="runScenario" time="2.863"/>
  <system-out/>
  <testcase classname="Runners.TestRunner" name="runScenario" time="0.366"/>
  <system-out/>
  <testcase classname="Runners.TestRunner" name="runScenario" time="0.360"/>
  <system-out/>
</testsuite> <!-- Runners.TestRunner -->
