<?xml version="1.0" encoding="UTF-8"?>
<!-- Generated by org.testng.reporters.JUnitReportReporter -->
<testsuite hostname="fv-az198-845" failures="0" tests="3" name="Runners.TestRunner" time="4.001" errors="0" timestamp="2022-07-07T04:32:46 UTC" skipped="0">
  <testcase classname="Runners.TestRunner" name="runScenario" time="0.408"/>
  <system-out/>
  <testcase classname="Runners.TestRunner" name="runScenario" time="0.734"/>
  <system-out/>
  <testcase classname="Runners.TestRunner" name="runScenario" time="2.859"/>
  <system-out/>
</testsuite> <!-- Runners.TestRunner -->
