<?xml version="1.0" encoding="UTF-8"?>
<!-- Generated by org.testng.reporters.JUnitReportReporter -->
<testsuite hostname="preyas-r" failures="0" tests="38" name="Runners.TestRunner" time="25.705" errors="0" timestamp="2022-06-29T17:52:02 IST" skipped="0">
  <testcase classname="Runners.TestRunner" name="runScenario" time="0.311"/>
  <system-out/>
  <testcase classname="Runners.TestRunner" name="runScenario" time="0.404"/>
  <system-out/>
  <testcase classname="Runners.TestRunner" name="runScenario" time="0.298"/>
  <system-out/>
  <testcase classname="Runners.TestRunner" name="runScenario" time="0.348"/>
  <system-out/>
  <testcase classname="Runners.TestRunner" name="runScenario" time="0.220"/>
  <system-out/>
  <testcase classname="Runners.TestRunner" name="runScenario" time="0.382"/>
  <system-out/>
  <testcase classname="Runners.TestRunner" name="runScenario" time="0.338"/>
  <system-out/>
  <testcase classname="Runners.TestRunner" name="runScenario" time="0.189"/>
  <system-out/>
  <testcase classname="Runners.TestRunner" name="runScenario" time="0.288"/>
  <system-out/>
  <testcase classname="Runners.TestRunner" name="runScenario" time="0.201"/>
  <system-out/>
  <testcase classname="Runners.TestRunner" name="runScenario" time="0.271"/>
  <system-out/>
  <testcase classname="Runners.TestRunner" name="runScenario" time="0.369"/>
  <system-out/>
  <testcase classname="Runners.TestRunner" name="runScenario" time="0.239"/>
  <system-out/>
  <testcase classname="Runners.TestRunner" name="runScenario" time="0.302"/>
  <system-out/>
  <testcase classname="Runners.TestRunner" name="runScenario" time="0.235"/>
  <system-out/>
  <testcase classname="Runners.TestRunner" name="runScenario" time="0.211"/>
  <system-out/>
  <testcase classname="Runners.TestRunner" name="runScenario" time="0.225"/>
  <system-out/>
  <testcase classname="Runners.TestRunner" name="runScenario" time="0.262"/>
  <system-out/>
  <testcase classname="Runners.TestRunner" name="runScenario" time="0.308"/>
  <system-out/>
  <testcase classname="Runners.TestRunner" name="runScenario" time="0.248"/>
  <system-out/>
  <testcase classname="Runners.TestRunner" name="runScenario" time="0.408"/>
  <system-out/>
  <testcase classname="Runners.TestRunner" name="runScenario" time="0.301"/>
  <system-out/>
  <testcase classname="Runners.TestRunner" name="runScenario" time="0.299"/>
  <system-out/>
  <testcase classname="Runners.TestRunner" name="runScenario" time="0.404"/>
  <system-out/>
  <testcase classname="Runners.TestRunner" name="runScenario" time="0.245"/>
  <system-out/>
  <testcase classname="Runners.TestRunner" name="runScenario" time="0.456"/>
  <system-out/>
  <testcase classname="Runners.TestRunner" name="runScenario" time="0.406"/>
  <system-out/>
  <testcase classname="Runners.TestRunner" name="runScenario" time="0.366"/>
  <system-out/>
  <testcase classname="Runners.TestRunner" name="runScenario" time="0.346"/>
  <system-out/>
  <testcase classname="Runners.TestRunner" name="runScenario" time="0.398"/>
  <system-out/>
  <testcase classname="Runners.TestRunner" name="runScenario" time="0.304"/>
  <system-out/>
  <testcase classname="Runners.TestRunner" name="runScenario" time="0.281"/>
  <system-out/>
  <testcase classname="Runners.TestRunner" name="runScenario" time="14.224"/>
  <system-out/>
  <testcase classname="Runners.TestRunner" name="runScenario" time="0.404"/>
  <system-out/>
  <testcase classname="Runners.TestRunner" name="runScenario" time="0.304"/>
  <system-out/>
  <testcase classname="Runners.TestRunner" name="runScenario" time="0.408"/>
  <system-out/>
  <testcase classname="Runners.TestRunner" name="runScenario" time="0.212"/>
  <system-out/>
  <testcase classname="Runners.TestRunner" name="runScenario" time="0.290"/>
  <system-out/>
</testsuite> <!-- Runners.TestRunner -->
