<?xml version="1.0" encoding="UTF-8"?>
<!-- Generated by org.testng.reporters.JUnitReportReporter -->
<testsuite hostname="preyas-r" failures="0" tests="4" name="Runners.TestRunner" time="4.705" errors="0" timestamp="2022-06-21T18:21:44 IST" skipped="0">
  <testcase classname="Runners.TestRunner" name="runScenario" time="0.525"/>
  <system-out/>
  <testcase classname="Runners.TestRunner" name="runScenario" time="0.509"/>
  <system-out/>
  <testcase classname="Runners.TestRunner" name="runScenario" time="3.206"/>
  <system-out/>
  <testcase classname="Runners.TestRunner" name="runScenario" time="0.465"/>
  <system-out/>
</testsuite> <!-- Runners.TestRunner -->
