<?xml version="1.0" encoding="UTF-8"?>
<!-- Generated by org.testng.reporters.JUnitReportReporter -->
<testsuite hostname="preyas-r" failures="0" tests="24" name="Runners.TestRunner" time="22.159" errors="0" timestamp="2022-06-27T17:49:05 IST" skipped="0">
  <testcase classname="Runners.TestRunner" name="runScenario" time="0.319"/>
  <system-out/>
  <testcase classname="Runners.TestRunner" name="runScenario" time="0.253"/>
  <system-out/>
  <testcase classname="Runners.TestRunner" name="runScenario" time="0.220"/>
  <system-out/>
  <testcase classname="Runners.TestRunner" name="runScenario" time="0.503"/>
  <system-out/>
  <testcase classname="Runners.TestRunner" name="runScenario" time="0.375"/>
  <system-out/>
  <testcase classname="Runners.TestRunner" name="runScenario" time="0.312"/>
  <system-out/>
  <testcase classname="Runners.TestRunner" name="runScenario" time="0.357"/>
  <system-out/>
  <testcase classname="Runners.TestRunner" name="runScenario" time="14.982"/>
  <system-out/>
  <testcase classname="Runners.TestRunner" name="runScenario" time="0.256"/>
  <system-out/>
  <testcase classname="Runners.TestRunner" name="runScenario" time="0.283"/>
  <system-out/>
  <testcase classname="Runners.TestRunner" name="runScenario" time="0.248"/>
  <system-out/>
  <testcase classname="Runners.TestRunner" name="runScenario" time="0.293"/>
  <system-out/>
  <testcase classname="Runners.TestRunner" name="runScenario" time="0.267"/>
  <system-out/>
  <testcase classname="Runners.TestRunner" name="runScenario" time="0.338"/>
  <system-out/>
  <testcase classname="Runners.TestRunner" name="runScenario" time="0.329"/>
  <system-out/>
  <testcase classname="Runners.TestRunner" name="runScenario" time="0.304"/>
  <system-out/>
  <testcase classname="Runners.TestRunner" name="runScenario" time="0.360"/>
  <system-out/>
  <testcase classname="Runners.TestRunner" name="runScenario" time="0.237"/>
  <system-out/>
  <testcase classname="Runners.TestRunner" name="runScenario" time="0.278"/>
  <system-out/>
  <testcase classname="Runners.TestRunner" name="runScenario" time="0.226"/>
  <system-out/>
  <testcase classname="Runners.TestRunner" name="runScenario" time="0.301"/>
  <system-out/>
  <testcase classname="Runners.TestRunner" name="runScenario" time="0.400"/>
  <system-out/>
  <testcase classname="Runners.TestRunner" name="runScenario" time="0.310"/>
  <system-out/>
  <testcase classname="Runners.TestRunner" name="runScenario" time="0.408"/>
  <system-out/>
</testsuite> <!-- Runners.TestRunner -->
