<?xml version="1.0" encoding="UTF-8"?>
<!-- Generated by org.testng.reporters.JUnitReportReporter -->
<testsuite hostname="preyas-r" failures="0" tests="38" name="Runners.TestRunner" time="28.393" errors="0" timestamp="2022-06-28T16:05:08 IST" skipped="0">
  <testcase classname="Runners.TestRunner" name="runScenario" time="0.237"/>
  <system-out/>
  <testcase classname="Runners.TestRunner" name="runScenario" time="0.228"/>
  <system-out/>
  <testcase classname="Runners.TestRunner" name="runScenario" time="0.305"/>
  <system-out/>
  <testcase classname="Runners.TestRunner" name="runScenario" time="0.288"/>
  <system-out/>
  <testcase classname="Runners.TestRunner" name="runScenario" time="0.293"/>
  <system-out/>
  <testcase classname="Runners.TestRunner" name="runScenario" time="0.254"/>
  <system-out/>
  <testcase classname="Runners.TestRunner" name="runScenario" time="0.417"/>
  <system-out/>
  <testcase classname="Runners.TestRunner" name="runScenario" time="0.452"/>
  <system-out/>
  <testcase classname="Runners.TestRunner" name="runScenario" time="0.310"/>
  <system-out/>
  <testcase classname="Runners.TestRunner" name="runScenario" time="0.300"/>
  <system-out/>
  <testcase classname="Runners.TestRunner" name="runScenario" time="0.301"/>
  <system-out/>
  <testcase classname="Runners.TestRunner" name="runScenario" time="0.337"/>
  <system-out/>
  <testcase classname="Runners.TestRunner" name="runScenario" time="0.282"/>
  <system-out/>
  <testcase classname="Runners.TestRunner" name="runScenario" time="0.354"/>
  <system-out/>
  <testcase classname="Runners.TestRunner" name="runScenario" time="0.338"/>
  <system-out/>
  <testcase classname="Runners.TestRunner" name="runScenario" time="0.298"/>
  <system-out/>
  <testcase classname="Runners.TestRunner" name="runScenario" time="0.494"/>
  <system-out/>
  <testcase classname="Runners.TestRunner" name="runScenario" time="0.389"/>
  <system-out/>
  <testcase classname="Runners.TestRunner" name="runScenario" time="0.330"/>
  <system-out/>
  <testcase classname="Runners.TestRunner" name="runScenario" time="0.485"/>
  <system-out/>
  <testcase classname="Runners.TestRunner" name="runScenario" time="16.308"/>
  <system-out/>
  <testcase classname="Runners.TestRunner" name="runScenario" time="0.305"/>
  <system-out/>
  <testcase classname="Runners.TestRunner" name="runScenario" time="0.223"/>
  <system-out/>
  <testcase classname="Runners.TestRunner" name="runScenario" time="0.340"/>
  <system-out/>
  <testcase classname="Runners.TestRunner" name="runScenario" time="0.242"/>
  <system-out/>
  <testcase classname="Runners.TestRunner" name="runScenario" time="0.358"/>
  <system-out/>
  <testcase classname="Runners.TestRunner" name="runScenario" time="0.362"/>
  <system-out/>
  <testcase classname="Runners.TestRunner" name="runScenario" time="0.264"/>
  <system-out/>
  <testcase classname="Runners.TestRunner" name="runScenario" time="0.231"/>
  <system-out/>
  <testcase classname="Runners.TestRunner" name="runScenario" time="0.395"/>
  <system-out/>
  <testcase classname="Runners.TestRunner" name="runScenario" time="0.385"/>
  <system-out/>
  <testcase classname="Runners.TestRunner" name="runScenario" time="0.294"/>
  <system-out/>
  <testcase classname="Runners.TestRunner" name="runScenario" time="0.323"/>
  <system-out/>
  <testcase classname="Runners.TestRunner" name="runScenario" time="0.426"/>
  <system-out/>
  <testcase classname="Runners.TestRunner" name="runScenario" time="0.344"/>
  <system-out/>
  <testcase classname="Runners.TestRunner" name="runScenario" time="0.284"/>
  <system-out/>
  <testcase classname="Runners.TestRunner" name="runScenario" time="0.321"/>
  <system-out/>
  <testcase classname="Runners.TestRunner" name="runScenario" time="0.296"/>
  <system-out/>
</testsuite> <!-- Runners.TestRunner -->
