<?xml version="1.0" encoding="UTF-8"?>
<!-- Generated by org.testng.reporters.JUnitReportReporter -->
<testsuite hostname="preyas-r" failures="0" tests="4" name="Runners.TestRunner" time="5.187" errors="0" timestamp="2022-06-21T10:37:38 IST" skipped="0">
  <testcase classname="Runners.TestRunner" name="runScenario" time="0.703"/>
  <system-out/>
  <testcase classname="Runners.TestRunner" name="runScenario" time="2.899"/>
  <system-out/>
  <testcase classname="Runners.TestRunner" name="runScenario" time="0.858"/>
  <system-out/>
  <testcase classname="Runners.TestRunner" name="runScenario" time="0.727"/>
  <system-out/>
</testsuite> <!-- Runners.TestRunner -->
