<?xml version="1.0" encoding="UTF-8"?>
<!-- Generated by org.testng.reporters.JUnitReportReporter -->
<testsuite hostname="preyas-r" failures="0" tests="12" name="Runners.TestRunner" time="19.597" errors="0" timestamp="2022-06-24T17:29:32 IST" skipped="0">
  <testcase classname="Runners.TestRunner" name="runScenario" time="15.694"/>
  <system-out/>
  <testcase classname="Runners.TestRunner" name="runScenario" time="0.313"/>
  <system-out/>
  <testcase classname="Runners.TestRunner" name="runScenario" time="0.336"/>
  <system-out/>
  <testcase classname="Runners.TestRunner" name="runScenario" time="0.733"/>
  <system-out/>
  <testcase classname="Runners.TestRunner" name="runScenario" time="0.269"/>
  <system-out/>
  <testcase classname="Runners.TestRunner" name="runScenario" time="0.314"/>
  <system-out/>
  <testcase classname="Runners.TestRunner" name="runScenario" time="0.407"/>
  <system-out/>
  <testcase classname="Runners.TestRunner" name="runScenario" time="0.306"/>
  <system-out/>
  <testcase classname="Runners.TestRunner" name="runScenario" time="0.308"/>
  <system-out/>
  <testcase classname="Runners.TestRunner" name="runScenario" time="0.316"/>
  <system-out/>
  <testcase classname="Runners.TestRunner" name="runScenario" time="0.310"/>
  <system-out/>
  <testcase classname="Runners.TestRunner" name="runScenario" time="0.291"/>
  <system-out/>
</testsuite> <!-- Runners.TestRunner -->
