<?xml version="1.0" encoding="UTF-8"?>
<!-- Generated by org.testng.reporters.JUnitReportReporter -->
<testsuite hostname="preyas-r" failures="0" tests="7" name="Runners.TestRunner" time="18.065" errors="0" timestamp="2022-06-24T10:40:06 IST" skipped="0">
  <testcase classname="Runners.TestRunner" name="runScenario" time="0.455"/>
  <system-out/>
  <testcase classname="Runners.TestRunner" name="runScenario" time="15.736"/>
  <system-out/>
  <testcase classname="Runners.TestRunner" name="runScenario" time="0.310"/>
  <system-out/>
  <testcase classname="Runners.TestRunner" name="runScenario" time="0.523"/>
  <system-out/>
  <testcase classname="Runners.TestRunner" name="runScenario" time="0.318"/>
  <system-out/>
  <testcase classname="Runners.TestRunner" name="runScenario" time="0.462"/>
  <system-out/>
  <testcase classname="Runners.TestRunner" name="runScenario" time="0.261"/>
  <system-out/>
</testsuite> <!-- Runners.TestRunner -->
