<?xml version="1.0" encoding="UTF-8"?>
<!-- Generated by org.testng.reporters.JUnitReportReporter -->
<testsuite hostname="preyas-r" failures="0" tests="4" name="Runners.TestRunner" time="7.079" errors="0" timestamp="2022-07-06T10:42:48 IST" skipped="0">
  <testcase classname="Runners.TestRunner" name="runScenario" time="3.735"/>
  <system-out/>
  <testcase classname="Runners.TestRunner" name="runScenario" time="1.013"/>
  <system-out/>
  <testcase classname="Runners.TestRunner" name="runScenario" time="1.131"/>
  <system-out/>
  <testcase classname="Runners.TestRunner" name="runScenario" time="1.200"/>
  <system-out/>
</testsuite> <!-- Runners.TestRunner -->
