<?xml version="1.0" encoding="UTF-8"?>
<!-- Generated by org.testng.reporters.JUnitReportReporter -->
<testsuite hostname="preyas-r" failures="0" tests="1" name="Runners.TestRunner" time="3.232" errors="0" timestamp="2022-06-17T18:31:49 IST" skipped="0">
  <testcase classname="Runners.TestRunner" name="runScenario" time="3.232"/>
  <system-out/>
</testsuite> <!-- Runners.TestRunner -->
