<?xml version="1.0" encoding="UTF-8"?>
<!-- Generated by org.testng.reporters.JUnitReportReporter -->
<testsuite hostname="preyas-r" failures="0" tests="1" name="Runners.TestRunner" time="3.053" errors="0" timestamp="2022-06-21T15:01:26 IST" skipped="0">
  <testcase classname="Runners.TestRunner" name="runScenario" time="3.053"/>
  <system-out/>
</testsuite> <!-- Runners.TestRunner -->
