<?xml version="1.0" encoding="UTF-8"?>
<!-- Generated by org.testng.reporters.JUnitReportReporter -->
<testsuite hostname="preyas-r" failures="0" tests="9" name="Runners.TestRunner" time="18.525" errors="0" timestamp="2022-06-24T11:22:37 IST" skipped="0">
  <testcase classname="Runners.TestRunner" name="runScenario" time="0.315"/>
  <system-out/>
  <testcase classname="Runners.TestRunner" name="runScenario" time="15.780"/>
  <system-out/>
  <testcase classname="Runners.TestRunner" name="runScenario" time="0.436"/>
  <system-out/>
  <testcase classname="Runners.TestRunner" name="runScenario" time="0.327"/>
  <system-out/>
  <testcase classname="Runners.TestRunner" name="runScenario" time="0.367"/>
  <system-out/>
  <testcase classname="Runners.TestRunner" name="runScenario" time="0.251"/>
  <system-out/>
  <testcase classname="Runners.TestRunner" name="runScenario" time="0.287"/>
  <system-out/>
  <testcase classname="Runners.TestRunner" name="runScenario" time="0.456"/>
  <system-out/>
  <testcase classname="Runners.TestRunner" name="runScenario" time="0.306"/>
  <system-out/>
</testsuite> <!-- Runners.TestRunner -->
