<?xml version="1.0" encoding="UTF-8"?>
<!-- Generated by org.testng.reporters.JUnitReportReporter -->
<testsuite hostname="preyas-r" failures="0" tests="3" name="Runners.TestRunner" time="16.180" errors="0" timestamp="2022-06-23T18:37:50 IST" skipped="0">
  <testcase classname="Runners.TestRunner" name="runScenario" time="15.536"/>
  <system-out/>
  <testcase classname="Runners.TestRunner" name="runScenario" time="0.254"/>
  <system-out/>
  <testcase classname="Runners.TestRunner" name="runScenario" time="0.390"/>
  <system-out/>
</testsuite> <!-- Runners.TestRunner -->
