<?xml version="1.0" encoding="UTF-8"?>
<!-- Generated by org.testng.reporters.JUnitReportReporter -->
<testsuite hostname="preyas-r" failures="1" tests="4" name="Runners.TestRunner" time="5.736" errors="0" timestamp="2022-06-21T10:47:27 IST" skipped="0">
  <testcase classname="Runners.TestRunner" name="runScenario" time="0.797">
    <failure message="expected [200] but found [201]" type="java.lang.AssertionError">
      <![CDATA[java.lang.AssertionError: expected [200] but found [201]
at org.testng.Assert.fail(Assert.java:99)
at org.testng.Assert.failNotEquals(Assert.java:1037)
at org.testng.Assert.assertEqualsImpl(Assert.java:140)
at org.testng.Assert.assertEquals(Assert.java:122)
at org.testng.Assert.assertEquals(Assert.java:907)
at org.testng.Assert.assertEquals(Assert.java:917)
at StepDefinations.sample.user_verify_status_code_is(sample.java:85)
at âœ½.user verify status code is 200(file:///home/preyas.r@ah.zymrinc.com/Desktop/preyas/Eclipse-NEw-Workspace/API_FrameworkTesting/src/test/java/Feature/sample.feature:47)
]]>
    </failure>
  </testcase> <!-- runScenario -->
  <system-out/>
  <testcase classname="Runners.TestRunner" name="runScenario" time="0.604"/>
  <system-out/>
  <testcase classname="Runners.TestRunner" name="runScenario" time="3.651"/>
  <system-out/>
  <testcase classname="Runners.TestRunner" name="runScenario" time="0.684"/>
  <system-out/>
</testsuite> <!-- Runners.TestRunner -->
