<?xml version="1.0" encoding="UTF-8"?>
<!-- Generated by org.testng.reporters.JUnitReportReporter -->
<testsuite hostname="preyas-r" failures="0" tests="6" name="Runners.TestRunner" time="5.443" errors="0" timestamp="2022-06-23T11:51:57 IST" skipped="0">
  <testcase classname="Runners.TestRunner" name="runScenario" time="2.966"/>
  <system-out/>
  <testcase classname="Runners.TestRunner" name="runScenario" time="0.501"/>
  <system-out/>
  <testcase classname="Runners.TestRunner" name="runScenario" time="0.645"/>
  <system-out/>
  <testcase classname="Runners.TestRunner" name="runScenario" time="0.404"/>
  <system-out/>
  <testcase classname="Runners.TestRunner" name="runScenario" time="0.515"/>
  <system-out/>
  <testcase classname="Runners.TestRunner" name="runScenario" time="0.412"/>
  <system-out/>
</testsuite> <!-- Runners.TestRunner -->
