<?xml version="1.0" encoding="UTF-8"?>
<!-- Generated by org.testng.reporters.JUnitReportReporter -->
<testsuite skipped="0" hostname="preyas-r" name="Runners.TestRunner" tests="2" failures="0" timestamp="2022-06-10T10:29:32 IST" time="4.161" errors="0">
  <testcase name="runScenario" time="3.848" classname="Runners.TestRunner"/>
  <system-out/>
  <testcase name="runScenario" time="0.313" classname="Runners.TestRunner"/>
  <system-out/>
</testsuite> <!-- Runners.TestRunner -->
