<?xml version="1.0" encoding="UTF-8"?>
<!-- Generated by org.testng.reporters.JUnitReportReporter -->
<testsuite hostname="preyas-r" failures="0" tests="3" name="Runners.TestRunner" time="5.111" errors="1" timestamp="2022-06-20T17:25:05 IST" skipped="0">
  <testcase classname="Runners.TestRunner" name="runScenario" time="0.783">
    <error type="java.lang.NullPointerException">
      <![CDATA[java.lang.NullPointerException
at Resources.Utils.getjsonpath(Utils.java:67)
at StepDefinations.sample.Booksapi(sample.java:171)
at âœ½.user shouldbe call "post_Assign_book_user" with "post" http request(file:///home/preyas.r@ah.zymrinc.com/Desktop/preyas/Eclipse-NEw-Workspace/API_FrameworkTesting/src/test/java/Feature/sample.feature:41)
]]>
    </error>
  </testcase> <!-- runScenario -->
  <system-out/>
  <testcase classname="Runners.TestRunner" name="runScenario" time="0.708"/>
  <system-out/>
  <testcase classname="Runners.TestRunner" name="runScenario" time="3.620"/>
  <system-out/>
</testsuite> <!-- Runners.TestRunner -->
