<?xml version="1.0" encoding="UTF-8"?>
<!-- Generated by org.testng.reporters.JUnitReportReporter -->
<testsuite hostname="preyas-r" failures="0" tests="4" name="Runners.TestRunner" time="7.004" errors="0" timestamp="2022-07-04T10:15:59 IST" skipped="0">
  <testcase classname="Runners.TestRunner" name="runScenario" time="1.192"/>
  <system-out/>
  <testcase classname="Runners.TestRunner" name="runScenario" time="1.062"/>
  <system-out/>
  <testcase classname="Runners.TestRunner" name="runScenario" time="1.064"/>
  <system-out/>
  <testcase classname="Runners.TestRunner" name="runScenario" time="3.686"/>
  <system-out/>
</testsuite> <!-- Runners.TestRunner -->
