<?xml version="1.0" encoding="UTF-8"?>
<!-- Generated by org.testng.reporters.JUnitReportReporter -->
<testsuite hostname="preyas-r" failures="0" tests="4" name="Runners.TestRunner" time="6.870" errors="0" timestamp="2022-07-04T12:02:06 IST" skipped="0">
  <testcase classname="Runners.TestRunner" name="runScenario" time="3.681"/>
  <system-out/>
  <testcase classname="Runners.TestRunner" name="runScenario" time="0.956"/>
  <system-out/>
  <testcase classname="Runners.TestRunner" name="runScenario" time="1.056"/>
  <system-out/>
  <testcase classname="Runners.TestRunner" name="runScenario" time="1.177"/>
  <system-out/>
</testsuite> <!-- Runners.TestRunner -->
