<?xml version="1.0" encoding="UTF-8"?>
<!-- Generated by org.testng.reporters.JUnitReportReporter -->
<testsuite hostname="preyas-r" failures="0" tests="30" name="Runners.TestRunner" time="25.183" errors="0" timestamp="2022-06-28T10:14:26 IST" skipped="0">
  <testcase classname="Runners.TestRunner" name="runScenario" time="0.332"/>
  <system-out/>
  <testcase classname="Runners.TestRunner" name="runScenario" time="0.238"/>
  <system-out/>
  <testcase classname="Runners.TestRunner" name="runScenario" time="0.291"/>
  <system-out/>
  <testcase classname="Runners.TestRunner" name="runScenario" time="0.375"/>
  <system-out/>
  <testcase classname="Runners.TestRunner" name="runScenario" time="14.881"/>
  <system-out/>
  <testcase classname="Runners.TestRunner" name="runScenario" time="0.236"/>
  <system-out/>
  <testcase classname="Runners.TestRunner" name="runScenario" time="0.394"/>
  <system-out/>
  <testcase classname="Runners.TestRunner" name="runScenario" time="0.304"/>
  <system-out/>
  <testcase classname="Runners.TestRunner" name="runScenario" time="0.236"/>
  <system-out/>
  <testcase classname="Runners.TestRunner" name="runScenario" time="0.214"/>
  <system-out/>
  <testcase classname="Runners.TestRunner" name="runScenario" time="0.314"/>
  <system-out/>
  <testcase classname="Runners.TestRunner" name="runScenario" time="0.311"/>
  <system-out/>
  <testcase classname="Runners.TestRunner" name="runScenario" time="0.248"/>
  <system-out/>
  <testcase classname="Runners.TestRunner" name="runScenario" time="0.316"/>
  <system-out/>
  <testcase classname="Runners.TestRunner" name="runScenario" time="0.316"/>
  <system-out/>
  <testcase classname="Runners.TestRunner" name="runScenario" time="0.203"/>
  <system-out/>
  <testcase classname="Runners.TestRunner" name="runScenario" time="0.439"/>
  <system-out/>
  <testcase classname="Runners.TestRunner" name="runScenario" time="0.297"/>
  <system-out/>
  <testcase classname="Runners.TestRunner" name="runScenario" time="1.069"/>
  <system-out/>
  <testcase classname="Runners.TestRunner" name="runScenario" time="0.420"/>
  <system-out/>
  <testcase classname="Runners.TestRunner" name="runScenario" time="0.371"/>
  <system-out/>
  <testcase classname="Runners.TestRunner" name="runScenario" time="0.373"/>
  <system-out/>
  <testcase classname="Runners.TestRunner" name="runScenario" time="0.249"/>
  <system-out/>
  <testcase classname="Runners.TestRunner" name="runScenario" time="0.221"/>
  <system-out/>
  <testcase classname="Runners.TestRunner" name="runScenario" time="0.261"/>
  <system-out/>
  <testcase classname="Runners.TestRunner" name="runScenario" time="0.311"/>
  <system-out/>
  <testcase classname="Runners.TestRunner" name="runScenario" time="1.268"/>
  <system-out/>
  <testcase classname="Runners.TestRunner" name="runScenario" time="0.240"/>
  <system-out/>
  <testcase classname="Runners.TestRunner" name="runScenario" time="0.185"/>
  <system-out/>
  <testcase classname="Runners.TestRunner" name="runScenario" time="0.270"/>
  <system-out/>
</testsuite> <!-- Runners.TestRunner -->
