<?xml version="1.0" encoding="UTF-8"?>
<!-- Generated by org.testng.reporters.JUnitReportReporter -->
<testsuite hostname="preyas-r" failures="0" tests="4" name="Runners.TestRunner" time="5.527" errors="0" timestamp="2022-07-01T11:34:11 IST" skipped="0">
  <testcase classname="Runners.TestRunner" name="runScenario" time="0.731"/>
  <system-out/>
  <testcase classname="Runners.TestRunner" name="runScenario" time="3.265"/>
  <system-out/>
  <testcase classname="Runners.TestRunner" name="runScenario" time="0.760"/>
  <system-out/>
  <testcase classname="Runners.TestRunner" name="runScenario" time="0.771"/>
  <system-out/>
</testsuite> <!-- Runners.TestRunner -->
