<?xml version="1.0" encoding="UTF-8"?>
<!-- Generated by org.testng.reporters.JUnitReportReporter -->
<testsuite hostname="preyas-r" failures="0" tests="3" name="Runners.TestRunner" time="7.021" errors="0" timestamp="2022-07-07T09:59:09 IST" skipped="0">
  <testcase classname="Runners.TestRunner" name="runScenario" time="2.202"/>
  <system-out/>
  <testcase classname="Runners.TestRunner" name="runScenario" time="1.158"/>
  <system-out/>
  <testcase classname="Runners.TestRunner" name="runScenario" time="3.661"/>
  <system-out/>
</testsuite> <!-- Runners.TestRunner -->
