<?xml version="1.0" encoding="UTF-8"?>
<!-- Generated by org.testng.reporters.JUnitReportReporter -->
<testsuite hostname="preyas-r" failures="0" tests="38" name="Runners.TestRunner" time="31.909" errors="0" timestamp="2022-07-04T11:12:19 IST" skipped="0">
  <testcase classname="Runners.TestRunner" name="runScenario" time="0.309"/>
  <system-out/>
  <testcase classname="Runners.TestRunner" name="runScenario" time="0.312"/>
  <system-out/>
  <testcase classname="Runners.TestRunner" name="runScenario" time="0.306"/>
  <system-out/>
  <testcase classname="Runners.TestRunner" name="runScenario" time="0.469"/>
  <system-out/>
  <testcase classname="Runners.TestRunner" name="runScenario" time="0.577"/>
  <system-out/>
  <testcase classname="Runners.TestRunner" name="runScenario" time="0.289"/>
  <system-out/>
  <testcase classname="Runners.TestRunner" name="runScenario" time="0.404"/>
  <system-out/>
  <testcase classname="Runners.TestRunner" name="runScenario" time="0.399"/>
  <system-out/>
  <testcase classname="Runners.TestRunner" name="runScenario" time="0.528"/>
  <system-out/>
  <testcase classname="Runners.TestRunner" name="runScenario" time="0.306"/>
  <system-out/>
  <testcase classname="Runners.TestRunner" name="runScenario" time="0.479"/>
  <system-out/>
  <testcase classname="Runners.TestRunner" name="runScenario" time="0.313"/>
  <system-out/>
  <testcase classname="Runners.TestRunner" name="runScenario" time="0.399"/>
  <system-out/>
  <testcase classname="Runners.TestRunner" name="runScenario" time="0.334"/>
  <system-out/>
  <testcase classname="Runners.TestRunner" name="runScenario" time="0.699"/>
  <system-out/>
  <testcase classname="Runners.TestRunner" name="runScenario" time="0.441"/>
  <system-out/>
  <testcase classname="Runners.TestRunner" name="runScenario" time="18.510"/>
  <system-out/>
  <testcase classname="Runners.TestRunner" name="runScenario" time="0.269"/>
  <system-out/>
  <testcase classname="Runners.TestRunner" name="runScenario" time="0.345"/>
  <system-out/>
  <testcase classname="Runners.TestRunner" name="runScenario" time="0.321"/>
  <system-out/>
  <testcase classname="Runners.TestRunner" name="runScenario" time="0.274"/>
  <system-out/>
  <testcase classname="Runners.TestRunner" name="runScenario" time="0.481"/>
  <system-out/>
  <testcase classname="Runners.TestRunner" name="runScenario" time="0.329"/>
  <system-out/>
  <testcase classname="Runners.TestRunner" name="runScenario" time="0.229"/>
  <system-out/>
  <testcase classname="Runners.TestRunner" name="runScenario" time="0.570"/>
  <system-out/>
  <testcase classname="Runners.TestRunner" name="runScenario" time="0.378"/>
  <system-out/>
  <testcase classname="Runners.TestRunner" name="runScenario" time="0.310"/>
  <system-out/>
  <testcase classname="Runners.TestRunner" name="runScenario" time="0.358"/>
  <system-out/>
  <testcase classname="Runners.TestRunner" name="runScenario" time="0.254"/>
  <system-out/>
  <testcase classname="Runners.TestRunner" name="runScenario" time="0.304"/>
  <system-out/>
  <testcase classname="Runners.TestRunner" name="runScenario" time="0.310"/>
  <system-out/>
  <testcase classname="Runners.TestRunner" name="runScenario" time="0.244"/>
  <system-out/>
  <testcase classname="Runners.TestRunner" name="runScenario" time="0.310"/>
  <system-out/>
  <testcase classname="Runners.TestRunner" name="runScenario" time="0.302"/>
  <system-out/>
  <testcase classname="Runners.TestRunner" name="runScenario" time="0.315"/>
  <system-out/>
  <testcase classname="Runners.TestRunner" name="runScenario" time="0.333"/>
  <system-out/>
  <testcase classname="Runners.TestRunner" name="runScenario" time="0.300"/>
  <system-out/>
  <testcase classname="Runners.TestRunner" name="runScenario" time="0.299"/>
  <system-out/>
</testsuite> <!-- Runners.TestRunner -->
