<?xml version="1.0" encoding="UTF-8"?>
<!-- Generated by org.testng.reporters.JUnitReportReporter -->
<testsuite skipped="0" hostname="preyas-r" name="Runners.TestRunner" tests="1" failures="0" timestamp="2022-06-09T10:37:20 IST" time="5.336" errors="0">
  <testcase name="runScenario" time="5.336" classname="Runners.TestRunner"/>
  <system-out/>
</testsuite> <!-- Runners.TestRunner -->
