<?xml version="1.0" encoding="UTF-8"?>
<!-- Generated by org.testng.reporters.JUnitReportReporter -->
<testsuite hostname="preyas-r" failures="0" tests="4" name="Runners.TestRunner" time="5.743" errors="0" timestamp="2022-07-01T12:15:08 IST" skipped="0">
  <testcase classname="Runners.TestRunner" name="runScenario" time="0.595"/>
  <system-out/>
  <testcase classname="Runners.TestRunner" name="runScenario" time="3.556"/>
  <system-out/>
  <testcase classname="Runners.TestRunner" name="runScenario" time="0.729"/>
  <system-out/>
  <testcase classname="Runners.TestRunner" name="runScenario" time="0.863"/>
  <system-out/>
</testsuite> <!-- Runners.TestRunner -->
