<?xml version="1.0" encoding="UTF-8"?>
<!-- Generated by org.testng.reporters.JUnitReportReporter -->
<testsuite hostname="preyas-r" failures="0" tests="5" name="Runners.TestRunner" time="4.834" errors="1" timestamp="2022-06-22T10:42:45 IST" skipped="0">
  <testcase classname="Runners.TestRunner" name="runScenario" time="0.550"/>
  <system-out/>
  <testcase classname="Runners.TestRunner" name="runScenario" time="0.398"/>
  <system-out/>
  <testcase classname="Runners.TestRunner" name="runScenario" time="0.480"/>
  <system-out/>
  <testcase classname="Runners.TestRunner" name="runScenario" time="0.458">
    <error type="java.lang.NullPointerException">
      <![CDATA[java.lang.NullPointerException
at Resources.Utils.getjsonpath(Utils.java:119)
at StepDefinations.sample.status_in_reponse_body_is_ok(sample.java:181)
at âœ½."status" in response body is "OK"(file:///home/preyas.r@ah.zymrinc.com/Desktop/preyas/Eclipse-NEw-Workspace/API_FrameworkTesting/src/test/java/Feature/SpotifyAuth2.0.feature:29)
]]>
    </error>
  </testcase> <!-- runScenario -->
  <system-out/>
  <testcase classname="Runners.TestRunner" name="runScenario" time="2.948"/>
  <system-out/>
</testsuite> <!-- Runners.TestRunner -->
