<?xml version="1.0" encoding="UTF-8"?>
<!-- Generated by org.testng.reporters.JUnitReportReporter -->
<testsuite hostname="preyas-r" failures="0" tests="5" name="Runners.TestRunner" time="4.164" errors="0" timestamp="2022-06-22T10:33:22 IST" skipped="0">
  <testcase classname="Runners.TestRunner" name="runScenario" time="0.348"/>
  <system-out/>
  <testcase classname="Runners.TestRunner" name="runScenario" time="0.419"/>
  <system-out/>
  <testcase classname="Runners.TestRunner" name="runScenario" time="0.379"/>
  <system-out/>
  <testcase classname="Runners.TestRunner" name="runScenario" time="0.380"/>
  <system-out/>
  <testcase classname="Runners.TestRunner" name="runScenario" time="2.638"/>
  <system-out/>
</testsuite> <!-- Runners.TestRunner -->
