<?xml version="1.0" encoding="UTF-8"?>
<!-- Generated by org.testng.reporters.JUnitReportReporter -->
<testsuite skipped="0" hostname="preyas-r" name="Runners.TestRunner" tests="2" failures="0" timestamp="2022-06-09T17:55:06 IST" time="3.372" errors="0">
  <testcase name="runScenario" time="0.199" classname="Runners.TestRunner"/>
  <system-out/>
  <testcase name="runScenario" time="3.173" classname="Runners.TestRunner"/>
  <system-out/>
</testsuite> <!-- Runners.TestRunner -->
