<?xml version="1.0" encoding="UTF-8"?>
<!-- Generated by org.testng.reporters.JUnitReportReporter -->
<testsuite hostname="preyas-r" failures="0" tests="6" name="Runners.TestRunner" time="18.312" errors="0" timestamp="2022-06-23T15:51:57 IST" skipped="0">
  <testcase classname="Runners.TestRunner" name="runScenario" time="0.469"/>
  <system-out/>
  <testcase classname="Runners.TestRunner" name="runScenario" time="0.490"/>
  <system-out/>
  <testcase classname="Runners.TestRunner" name="runScenario" time="0.510"/>
  <system-out/>
  <testcase classname="Runners.TestRunner" name="runScenario" time="16.003"/>
  <system-out/>
  <testcase classname="Runners.TestRunner" name="runScenario" time="0.410"/>
  <system-out/>
  <testcase classname="Runners.TestRunner" name="runScenario" time="0.430"/>
  <system-out/>
</testsuite> <!-- Runners.TestRunner -->
