<?xml version="1.0" encoding="UTF-8"?>
<!-- Generated by org.testng.reporters.JUnitReportReporter -->
<testsuite hostname="preyas-r" failures="0" tests="38" name="Runners.TestRunner" time="26.484" errors="0" timestamp="2022-06-29T17:28:41 IST" skipped="0">
  <testcase classname="Runners.TestRunner" name="runScenario" time="0.350"/>
  <system-out/>
  <testcase classname="Runners.TestRunner" name="runScenario" time="0.312"/>
  <system-out/>
  <testcase classname="Runners.TestRunner" name="runScenario" time="0.540"/>
  <system-out/>
  <testcase classname="Runners.TestRunner" name="runScenario" time="0.408"/>
  <system-out/>
  <testcase classname="Runners.TestRunner" name="runScenario" time="0.312"/>
  <system-out/>
  <testcase classname="Runners.TestRunner" name="runScenario" time="0.279"/>
  <system-out/>
  <testcase classname="Runners.TestRunner" name="runScenario" time="0.299"/>
  <system-out/>
  <testcase classname="Runners.TestRunner" name="runScenario" time="0.284"/>
  <system-out/>
  <testcase classname="Runners.TestRunner" name="runScenario" time="0.309"/>
  <system-out/>
  <testcase classname="Runners.TestRunner" name="runScenario" time="0.375"/>
  <system-out/>
  <testcase classname="Runners.TestRunner" name="runScenario" time="0.330"/>
  <system-out/>
  <testcase classname="Runners.TestRunner" name="runScenario" time="0.290"/>
  <system-out/>
  <testcase classname="Runners.TestRunner" name="runScenario" time="0.379"/>
  <system-out/>
  <testcase classname="Runners.TestRunner" name="runScenario" time="0.342"/>
  <system-out/>
  <testcase classname="Runners.TestRunner" name="runScenario" time="0.330"/>
  <system-out/>
  <testcase classname="Runners.TestRunner" name="runScenario" time="0.239"/>
  <system-out/>
  <testcase classname="Runners.TestRunner" name="runScenario" time="0.272"/>
  <system-out/>
  <testcase classname="Runners.TestRunner" name="runScenario" time="0.319"/>
  <system-out/>
  <testcase classname="Runners.TestRunner" name="runScenario" time="0.408"/>
  <system-out/>
  <testcase classname="Runners.TestRunner" name="runScenario" time="0.310"/>
  <system-out/>
  <testcase classname="Runners.TestRunner" name="runScenario" time="0.352"/>
  <system-out/>
  <testcase classname="Runners.TestRunner" name="runScenario" time="0.284"/>
  <system-out/>
  <testcase classname="Runners.TestRunner" name="runScenario" time="0.289"/>
  <system-out/>
  <testcase classname="Runners.TestRunner" name="runScenario" time="0.339"/>
  <system-out/>
  <testcase classname="Runners.TestRunner" name="runScenario" time="0.308"/>
  <system-out/>
  <testcase classname="Runners.TestRunner" name="runScenario" time="0.228"/>
  <system-out/>
  <testcase classname="Runners.TestRunner" name="runScenario" time="0.298"/>
  <system-out/>
  <testcase classname="Runners.TestRunner" name="runScenario" time="0.408"/>
  <system-out/>
  <testcase classname="Runners.TestRunner" name="runScenario" time="0.325"/>
  <system-out/>
  <testcase classname="Runners.TestRunner" name="runScenario" time="14.213"/>
  <system-out/>
  <testcase classname="Runners.TestRunner" name="runScenario" time="0.398"/>
  <system-out/>
  <testcase classname="Runners.TestRunner" name="runScenario" time="0.327"/>
  <system-out/>
  <testcase classname="Runners.TestRunner" name="runScenario" time="0.477"/>
  <system-out/>
  <testcase classname="Runners.TestRunner" name="runScenario" time="0.275"/>
  <system-out/>
  <testcase classname="Runners.TestRunner" name="runScenario" time="0.317"/>
  <system-out/>
  <testcase classname="Runners.TestRunner" name="runScenario" time="0.378"/>
  <system-out/>
  <testcase classname="Runners.TestRunner" name="runScenario" time="0.305"/>
  <system-out/>
  <testcase classname="Runners.TestRunner" name="runScenario" time="0.276"/>
  <system-out/>
</testsuite> <!-- Runners.TestRunner -->
