<?xml version="1.0" encoding="UTF-8"?>
<!-- Generated by org.testng.reporters.JUnitReportReporter -->
<testsuite hostname="preyas-r" failures="0" tests="38" name="Runners.TestRunner" time="27.159" errors="0" timestamp="2022-06-28T12:13:48 IST" skipped="0">
  <testcase classname="Runners.TestRunner" name="runScenario" time="0.376"/>
  <system-out/>
  <testcase classname="Runners.TestRunner" name="runScenario" time="0.329"/>
  <system-out/>
  <testcase classname="Runners.TestRunner" name="runScenario" time="0.299"/>
  <system-out/>
  <testcase classname="Runners.TestRunner" name="runScenario" time="0.239"/>
  <system-out/>
  <testcase classname="Runners.TestRunner" name="runScenario" time="0.548"/>
  <system-out/>
  <testcase classname="Runners.TestRunner" name="runScenario" time="0.251"/>
  <system-out/>
  <testcase classname="Runners.TestRunner" name="runScenario" time="0.311"/>
  <system-out/>
  <testcase classname="Runners.TestRunner" name="runScenario" time="0.283"/>
  <system-out/>
  <testcase classname="Runners.TestRunner" name="runScenario" time="0.376"/>
  <system-out/>
  <testcase classname="Runners.TestRunner" name="runScenario" time="15.314"/>
  <system-out/>
  <testcase classname="Runners.TestRunner" name="runScenario" time="0.302"/>
  <system-out/>
  <testcase classname="Runners.TestRunner" name="runScenario" time="0.283"/>
  <system-out/>
  <testcase classname="Runners.TestRunner" name="runScenario" time="0.251"/>
  <system-out/>
  <testcase classname="Runners.TestRunner" name="runScenario" time="0.235"/>
  <system-out/>
  <testcase classname="Runners.TestRunner" name="runScenario" time="0.263"/>
  <system-out/>
  <testcase classname="Runners.TestRunner" name="runScenario" time="0.581"/>
  <system-out/>
  <testcase classname="Runners.TestRunner" name="runScenario" time="0.276"/>
  <system-out/>
  <testcase classname="Runners.TestRunner" name="runScenario" time="0.244"/>
  <system-out/>
  <testcase classname="Runners.TestRunner" name="runScenario" time="0.324"/>
  <system-out/>
  <testcase classname="Runners.TestRunner" name="runScenario" time="0.312"/>
  <system-out/>
  <testcase classname="Runners.TestRunner" name="runScenario" time="0.255"/>
  <system-out/>
  <testcase classname="Runners.TestRunner" name="runScenario" time="0.380"/>
  <system-out/>
  <testcase classname="Runners.TestRunner" name="runScenario" time="0.381"/>
  <system-out/>
  <testcase classname="Runners.TestRunner" name="runScenario" time="0.283"/>
  <system-out/>
  <testcase classname="Runners.TestRunner" name="runScenario" time="0.223"/>
  <system-out/>
  <testcase classname="Runners.TestRunner" name="runScenario" time="0.307"/>
  <system-out/>
  <testcase classname="Runners.TestRunner" name="runScenario" time="0.307"/>
  <system-out/>
  <testcase classname="Runners.TestRunner" name="runScenario" time="0.415"/>
  <system-out/>
  <testcase classname="Runners.TestRunner" name="runScenario" time="0.217"/>
  <system-out/>
  <testcase classname="Runners.TestRunner" name="runScenario" time="0.374"/>
  <system-out/>
  <testcase classname="Runners.TestRunner" name="runScenario" time="0.268"/>
  <system-out/>
  <testcase classname="Runners.TestRunner" name="runScenario" time="0.272"/>
  <system-out/>
  <testcase classname="Runners.TestRunner" name="runScenario" time="0.407"/>
  <system-out/>
  <testcase classname="Runners.TestRunner" name="runScenario" time="0.413"/>
  <system-out/>
  <testcase classname="Runners.TestRunner" name="runScenario" time="0.214"/>
  <system-out/>
  <testcase classname="Runners.TestRunner" name="runScenario" time="0.280"/>
  <system-out/>
  <testcase classname="Runners.TestRunner" name="runScenario" time="0.550"/>
  <system-out/>
  <testcase classname="Runners.TestRunner" name="runScenario" time="0.216"/>
  <system-out/>
</testsuite> <!-- Runners.TestRunner -->
