<?xml version="1.0" encoding="UTF-8"?>
<!-- Generated by org.testng.reporters.JUnitReportReporter -->
<testsuite hostname="preyas-r" failures="0" tests="4" name="Runners.TestRunner" time="5.487" errors="0" timestamp="2022-07-01T13:15:31 IST" skipped="0">
  <testcase classname="Runners.TestRunner" name="runScenario" time="3.324"/>
  <system-out/>
  <testcase classname="Runners.TestRunner" name="runScenario" time="0.701"/>
  <system-out/>
  <testcase classname="Runners.TestRunner" name="runScenario" time="0.723"/>
  <system-out/>
  <testcase classname="Runners.TestRunner" name="runScenario" time="0.739"/>
  <system-out/>
</testsuite> <!-- Runners.TestRunner -->
