<?xml version="1.0" encoding="UTF-8"?>
<!-- Generated by org.testng.reporters.JUnitReportReporter -->
<testsuite hostname="preyas-r" failures="0" tests="4" name="Runners.TestRunner" time="9.475" errors="0" timestamp="2022-07-06T10:51:44 IST" skipped="0">
  <testcase classname="Runners.TestRunner" name="runScenario" time="1.120"/>
  <system-out/>
  <testcase classname="Runners.TestRunner" name="runScenario" time="2.269"/>
  <system-out/>
  <testcase classname="Runners.TestRunner" name="runScenario" time="3.866"/>
  <system-out/>
  <testcase classname="Runners.TestRunner" name="runScenario" time="2.220"/>
  <system-out/>
</testsuite> <!-- Runners.TestRunner -->
